Virtual User Script started at: 10.10.2024 17:13:33
Starting action vuser_init.
Web Turbo Replay of LoadRunner 12.55.0 for Windows 10; build 911 (èþë 24 2017 19:46:00)  	[MsgId: MMSG-26983]
Run mode: HTML  	[MsgId: MMSG-26993]
Replay user agent: Mozilla/5.0 (Windows NT 10.0; Win64; x64; rv:50.0) Gecko/20100101 Firefox/50.0  	[MsgId: MMSG-26988]
Run-Time Settings file: "C:\Users\user\1ibs\LR\scripts\UC3_TicketBooking\\default.cfg"  	[MsgId: MMSG-27141]
Ending action vuser_init.
Running Vuser...
Starting iteration 1.
Maximum number of concurrent connections per server: 6  	[MsgId: MMSG-26989]
Starting action Action.
Action.c(4): Notify: Transaction "UC3_TicketBooking" started.
Action.c(6): Notify: Transaction "Go_to_WebTours" started.
Action.c(8): web_add_auto_header("Upgrade-Insecure-Requests") started  	[MsgId: MMSG-26355]
Action.c(8): web_add_auto_header("Upgrade-Insecure-Requests") was successful  	[MsgId: MMSG-26392]
Action.c(11): web_reg_find started  	[MsgId: MMSG-26355]
Action.c(11): Registering web_reg_find was successful  	[MsgId: MMSG-26390]
Action.c(13): web_url("welcome.pl") started  	[MsgId: MMSG-26355]
Action.c(13): Detected non-resource "http://localhost:1080/cgi-bin/nav.pl?in=home" in "http://localhost:1080/cgi-bin/welcome.pl?signOff=true"  	[MsgId: MMSG-26574]
Action.c(13): Detected non-resource "http://localhost:1080/WebTours/home.html" in "http://localhost:1080/cgi-bin/welcome.pl?signOff=true"  	[MsgId: MMSG-26574]
Action.c(13): Found resource "http://localhost:1080/WebTours/images/mer_login.gif" in HTML "http://localhost:1080/cgi-bin/nav.pl?in=home"  	[MsgId: MMSG-26659]
Action.c(13): Registered web_reg_find successful for "Text=Welcome to the Web Tours site." (count=1)  	[MsgId: MMSG-26364]
Action.c(13): web_url("welcome.pl") was successful, 4215 body bytes, 1182 header bytes, 24 chunking overhead bytes  	[MsgId: MMSG-26385]
Action.c(22): Notify: Transaction "Go_to_WebTours" ended with a "Pass" status (Duration: 0,3290 Wasted Time: 0,1121).
Action.c(26): Notify: Transaction "Login" started.
Action.c(28): web_reg_find started  	[MsgId: MMSG-26355]
Action.c(28): Registering web_reg_find was successful  	[MsgId: MMSG-26390]
Action.c(30): web_submit_form("login.pl") started  	[MsgId: MMSG-26355]
Action.c(30): Submitting form to "http://localhost:1080/cgi-bin/login.pl", Target Frame="body"  	[MsgId: MMSG-27978]
Action.c(30): Detected non-resource "http://localhost:1080/cgi-bin/nav.pl?page=menu&in=home" in "http://localhost:1080/cgi-bin/login.pl"  	[MsgId: MMSG-26574]
Action.c(30): Detected non-resource "http://localhost:1080/cgi-bin/login.pl?intro=true" in "http://localhost:1080/cgi-bin/login.pl"  	[MsgId: MMSG-26574]
Action.c(30): Found resource "http://localhost:1080/WebTours/images/flights.gif" in HTML "http://localhost:1080/cgi-bin/nav.pl?page=menu&in=home"  	[MsgId: MMSG-26659]
Action.c(30): Found resource "http://localhost:1080/WebTours/images/itinerary.gif" in HTML "http://localhost:1080/cgi-bin/nav.pl?page=menu&in=home"  	[MsgId: MMSG-26659]
Action.c(30): Found resource "http://localhost:1080/WebTours/images/in_home.gif" in HTML "http://localhost:1080/cgi-bin/nav.pl?page=menu&in=home"  	[MsgId: MMSG-26659]
Action.c(30): Found resource "http://localhost:1080/WebTours/images/signoff.gif" in HTML "http://localhost:1080/cgi-bin/nav.pl?page=menu&in=home"  	[MsgId: MMSG-26659]
Action.c(30): Registered web_reg_find successful for "Text=Welcome, <b>jNorrington</b>, to the Web Tours reservation pages." (count=1)  	[MsgId: MMSG-26364]
Action.c(30): web_submit_form("login.pl") was successful, 5786 body bytes, 2070 header bytes, 36 chunking overhead bytes  	[MsgId: MMSG-26385]
Action.c(37): Notify: Transaction "Login" ended with a "Pass" status (Duration: 0,1863 Wasted Time: 0,0076).
Action.c(41): Notify: Transaction "Go_to_Flights" started.
Action.c(43): web_reg_save_param_ex started  	[MsgId: MMSG-26355]
Action.c(43): Registering web_reg_save_param_ex was successful  	[MsgId: MMSG-26390]
Action.c(45): web_reg_find started  	[MsgId: MMSG-26355]
Action.c(45): Registering web_reg_find was successful  	[MsgId: MMSG-26390]
Action.c(47): web_image("Search Flights Button") started  	[MsgId: MMSG-26355]
Action.c(47): Image-linking to "http://localhost:1080/cgi-bin/welcome.pl?page=search", Target Frame="body"  	[MsgId: MMSG-27993]
Action.c(47): Detected non-resource "http://localhost:1080/cgi-bin/nav.pl?page=menu&in=flights" in "http://localhost:1080/cgi-bin/welcome.pl?page=search"  	[MsgId: MMSG-26574]
Action.c(47): Detected non-resource "http://localhost:1080/cgi-bin/reservations.pl?page=welcome" in "http://localhost:1080/cgi-bin/welcome.pl?page=search"  	[MsgId: MMSG-26574]
Action.c(47): Found resource "http://localhost:1080/WebTours/images/in_flights.gif" in HTML "http://localhost:1080/cgi-bin/nav.pl?page=menu&in=flights"  	[MsgId: MMSG-26659]
Action.c(47): Resource "http://localhost:1080/WebTours/images/itinerary.gif" is in the cache already and will not be downloaded again  	[MsgId: MMSG-26655]
Action.c(47): Found resource "http://localhost:1080/WebTours/images/home.gif" in HTML "http://localhost:1080/cgi-bin/nav.pl?page=menu&in=flights"  	[MsgId: MMSG-26659]
Action.c(47): Resource "http://localhost:1080/WebTours/images/signoff.gif" is in the cache already and will not be downloaded again  	[MsgId: MMSG-26655]
Action.c(47): Found resource "http://localhost:1080/WebTours/images/button_next.gif" in HTML "http://localhost:1080/cgi-bin/reservations.pl?page=welcome"  	[MsgId: MMSG-26659]
Action.c(47): Registered web_reg_find successful for "Text=<td align="left">Departure City :</td> <td><select name="depart" >" (count=1)  	[MsgId: MMSG-26364]
Action.c(47): web_image("Search Flights Button") was successful, 8516 body bytes, 1620 header bytes, 43 chunking overhead bytes  	[MsgId: MMSG-26385]
Action.c(52): Notify: Transaction "Go_to_Flights" ended with a "Pass" status (Duration: 0,2356 Wasted Time: 0,0083).
Action.c(56): Notify: Transaction "Find_flights" started.
Action.c(58): web_reg_save_param_ex started  	[MsgId: MMSG-26355]
Action.c(58): Registering web_reg_save_param_ex was successful  	[MsgId: MMSG-26390]
Action.c(65): web_reg_find started  	[MsgId: MMSG-26355]
Action.c(65): Registering web_reg_find was successful  	[MsgId: MMSG-26390]
Action.c(67): web_submit_data("reservations.pl") started  	[MsgId: MMSG-26355]
Action.c(67): Resource "http://localhost:1080/WebTours/images/button_next.gif" is in the cache already and will not be downloaded again  	[MsgId: MMSG-26655]
Action.c(67): Registered web_reg_find successful for "Text=Flight departing from <B>Frankfurt</B> to <B>Portland</B> on <B>10/11/2024</B>" (count=1)  	[MsgId: MMSG-26364]
Action.c(67): web_submit_data("reservations.pl") was successful, 2445 body bytes, 255 header bytes, 12 chunking overhead bytes  	[MsgId: MMSG-26385]
Action.c(87): Notify: Transaction "Find_flights" ended with a "Pass" status (Duration: 0,2185 Wasted Time: 0,0063).
Action.c(91): Notify: Transaction "Choose_flight" started.
Action.c(94): web_reg_find started  	[MsgId: MMSG-26355]
Action.c(94): Registering web_reg_find was successful  	[MsgId: MMSG-26390]
Action.c(96): web_submit_form("reservations.pl_2") started  	[MsgId: MMSG-26355]
Action.c(96): Submitting form to "http://localhost:1080/cgi-bin/reservations.pl", Target Frame=""  	[MsgId: MMSG-27978]
Action.c(96): Resource "http://localhost:1080/WebTours/images/button_next.gif" is in the cache already and will not be downloaded again  	[MsgId: MMSG-26655]
Action.c(96): Registered web_reg_find successful for "Text=<b>Payment Details</font></b>" (count=1)  	[MsgId: MMSG-26364]
Action.c(96): web_submit_form("reservations.pl_2") was successful, 2746 body bytes, 255 header bytes, 12 chunking overhead bytes  	[MsgId: MMSG-26385]
Action.c(104): Notify: Transaction "Choose_flight" ended with a "Pass" status (Duration: 0,2168 Wasted Time: 0,0055).
Action.c(108): Notify: Transaction "Pay_ticket" started.
Action.c(110): web_reg_find started  	[MsgId: MMSG-26355]
Action.c(110): Registering web_reg_find was successful  	[MsgId: MMSG-26390]
Action.c(112): web_submit_data("reservations.pl_3") started  	[MsgId: MMSG-26355]
Action.c(112): Found resource "http://localhost:1080/WebTours/images/bookanother.gif" in HTML "http://localhost:1080/cgi-bin/reservations.pl"  	[MsgId: MMSG-26659]
Action.c(112): Registered web_reg_find successful for "Text=Thank you for booking through Web Tours." (count=1)  	[MsgId: MMSG-26364]
Action.c(112): web_submit_data("reservations.pl_3") was successful, 3271 body bytes, 694 header bytes, 12 chunking overhead bytes  	[MsgId: MMSG-26385]
Action.c(132): Notify: Transaction "Pay_ticket" ended with a "Pass" status (Duration: 0,1701 Wasted Time: 0,0061).
Action.c(136): Notify: Transaction "Logout" started.
Action.c(138): web_reg_find started  	[MsgId: MMSG-26355]
Action.c(138): Registering web_reg_find was successful  	[MsgId: MMSG-26390]
Action.c(140): web_url("SignOff Button") started  	[MsgId: MMSG-26355]
Action.c(140): Detected non-resource "http://localhost:1080/cgi-bin/nav.pl?in=home" in "http://localhost:1080/cgi-bin/welcome.pl?signOff=1"  	[MsgId: MMSG-26574]
Action.c(140): Detected non-resource "http://localhost:1080/WebTours/home.html" in "http://localhost:1080/cgi-bin/welcome.pl?signOff=1"  	[MsgId: MMSG-26574]
Action.c(140): Retrieving data from cache for "http://localhost:1080/WebTours/home.html"  	[MsgId: MMSG-26558]
Action.c(140): Resource "http://localhost:1080/WebTours/images/mer_login.gif" is in the cache already and will not be downloaded again  	[MsgId: MMSG-26655]
Action.c(140): Registered web_reg_find successful for "Text=Welcome to the Web Tours site." (count=1)  	[MsgId: MMSG-26364]
Action.c(140): web_url("SignOff Button") was successful, 2167 body bytes, 582 header bytes, 24 chunking overhead bytes  	[MsgId: MMSG-26385]
Action.c(150): Notify: Transaction "Logout" ended with a "Pass" status (Duration: 0,2015 Wasted Time: 0,0070).
Action.c(152): Notify: Transaction "UC3_TicketBooking" ended with a "Pass" status (Duration: 2,1071 Wasted Time: 0,1530).
Ending action Action.
Ending iteration 1.
Ending Vuser...
Starting action vuser_end.
Ending action vuser_end.
Vuser Terminated.
