Virtual User Script started at: 10.10.2024 15:32:05
Starting action vuser_init.
Web Turbo Replay of LoadRunner 12.55.0 for Windows 10; build 911 (èþë 24 2017 19:46:00)  	[MsgId: MMSG-26983]
Run mode: HTML  	[MsgId: MMSG-26993]
Replay user agent: Mozilla/5.0 (Windows NT 10.0; Win64; x64; rv:50.0) Gecko/20100101 Firefox/50.0  	[MsgId: MMSG-26988]
Run-Time Settings file: "C:\Users\user\1ibs\LR\scripts\UC6_RegistrationNewUser\\default.cfg"  	[MsgId: MMSG-27141]
Ending action vuser_init.
Running Vuser...
Starting iteration 1.
Maximum number of concurrent connections per server: 6  	[MsgId: MMSG-26989]
Starting action Action.
Action.c(4): Notify: Transaction "UC6_RegistrationNewUser" started.
Action.c(6): Notify: Transaction "Go_to_WebTours" started.
Action.c(8): web_reg_find started  	[MsgId: MMSG-26355]
Action.c(8): Registering web_reg_find was successful  	[MsgId: MMSG-26390]
Action.c(10): web_add_auto_header("Upgrade-Insecure-Requests") started  	[MsgId: MMSG-26355]
Action.c(10): web_add_auto_header("Upgrade-Insecure-Requests") was successful  	[MsgId: MMSG-26392]
Action.c(13): web_url("welcome.pl") started  	[MsgId: MMSG-26355]
Action.c(13): Detected non-resource "http://localhost:1080/cgi-bin/nav.pl?in=home" in "http://localhost:1080/cgi-bin/welcome.pl?signOff=true"  	[MsgId: MMSG-26574]
Action.c(13): Detected non-resource "http://localhost:1080/WebTours/home.html" in "http://localhost:1080/cgi-bin/welcome.pl?signOff=true"  	[MsgId: MMSG-26574]
Action.c(13): Found resource "http://localhost:1080/WebTours/images/mer_login.gif" in HTML "http://localhost:1080/cgi-bin/nav.pl?in=home"  	[MsgId: MMSG-26659]
Action.c(13): Registered web_reg_find successful for "Text=Welcome to the Web Tours site." (count=1)  	[MsgId: MMSG-26364]
Action.c(13): web_url("welcome.pl") was successful, 4216 body bytes, 1182 header bytes, 24 chunking overhead bytes  	[MsgId: MMSG-26385]
Action.c(22): Notify: Transaction "Go_to_WebTours" ended with a "Pass" status (Duration: 0,3161 Wasted Time: 0,1063).
Action.c(26): Notify: Transaction "Go_to_SignUp" started.
Action.c(28): web_reg_find started  	[MsgId: MMSG-26355]
Action.c(28): Registering web_reg_find was successful  	[MsgId: MMSG-26390]
Action.c(30): web_url("login.pl") started  	[MsgId: MMSG-26355]
Action.c(30): Found resource "http://localhost:1080/WebTours/profileValidate.js" in HTML "http://localhost:1080/cgi-bin/login.pl?username=&password=&getInfo=true"  	[MsgId: MMSG-26659]
Action.c(30): Found resource "http://localhost:1080/WebTours/images/button_next.gif" in HTML "http://localhost:1080/cgi-bin/login.pl?username=&password=&getInfo=true"  	[MsgId: MMSG-26659]
Action.c(30): Registered web_reg_find successful for "Text=First time registering? Please complete the form below." (count=1)  	[MsgId: MMSG-26364]
Action.c(30): web_url("login.pl") was successful, 14475 body bytes, 841 header bytes, 12 chunking overhead bytes  	[MsgId: MMSG-26385]
Action.c(39): Notify: Transaction "Go_to_SignUp" ended with a "Pass" status (Duration: 0,1393 Wasted Time: 0,0070).
Action.c(41): Notify: Transaction "User_SignUp" started.
Action.c(43): web_reg_find started  	[MsgId: MMSG-26355]
Action.c(43): Registering web_reg_find was successful  	[MsgId: MMSG-26390]
Action.c(45): web_add_auto_header("Upgrade-Insecure-Requests") started  	[MsgId: MMSG-26355]
Action.c(45): web_add_auto_header("Upgrade-Insecure-Requests") was successful  	[MsgId: MMSG-26392]
Action.c(50): web_submit_data("login.pl_2") started  	[MsgId: MMSG-26355]
Action.c(50): Resource "http://localhost:1080/WebTours/profileValidate.js" is in the cache already and will not be downloaded again  	[MsgId: MMSG-26655]
Action.c(50): Resource "http://localhost:1080/WebTours/images/button_next.gif" is in the cache already and will not be downloaded again  	[MsgId: MMSG-26655]
Action.c(50): Error -26366: "Text=Thank you, <b>jSparrow</b>, for registering and welcome to the Web Tours family." not found for web_reg_find  	[MsgId: MERR-26366]
Action.c(50): web_submit_data("login.pl_2") highest severity level was "ERROR", 2747 body bytes, 228 header bytes, 12 chunking overhead bytes  	[MsgId: MMSG-26387]
Action.c(50): Notify: Transaction "User_SignUp" ended with a "Fail" status (Duration: 0,1801 Wasted Time: 0,0064).
Action.c(50): Notify: Transaction "User_SignUp" has 1 error message(s).
Action.c(50): Notify: The 1st error message associated with transaction "User_SignUp" is "Error -26366: "Text=Thank you, <b>jSparrow</b>, for registering and welcome to the Web Tours family." not found for web_reg_find"
Action.c(50): Notify: Transaction "UC6_RegistrationNewUser" ended with a "Fail" status (Duration: 0,8981 Wasted Time: 0,1197).
Action.c(50): Notify: Transaction "UC6_RegistrationNewUser" has 1 error message(s).
Action.c(50): Notify: The 1st error message associated with transaction "UC6_RegistrationNewUser" is "Error -26366: "Text=Thank you, <b>jSparrow</b>, for registering and welcome to the Web Tours family." not found for web_reg_find"
Ending action Action.
Ending iteration 1.
Ending Vuser...
Starting action vuser_end.
Ending action vuser_end.
Vuser Terminated.
